warning: Tag 'SYMBOL_CACHE_SIZE' at line 325 of file './doc/Doxyfile' has become obsolete.
         To avoid this warning please remove this line from your configuration file or upgrade it using "doxygen -u"
warning: Tag 'SHOW_DIRECTORIES' at line 534 of file './doc/Doxyfile' has become obsolete.
         To avoid this warning please remove this line from your configuration file or upgrade it using "doxygen -u"
warning: Tag 'HTML_ALIGN_MEMBERS' at line 928 of file './doc/Doxyfile' has become obsolete.
         To avoid this warning please remove this line from your configuration file or upgrade it using "doxygen -u"
warning: Tag 'USE_INLINE_TREES' at line 1115 of file './doc/Doxyfile' has become obsolete.
         To avoid this warning please remove this line from your configuration file or upgrade it using "doxygen -u"
warning: Tag 'XML_SCHEMA' at line 1378 of file './doc/Doxyfile' has become obsolete.
         To avoid this warning please remove this line from your configuration file or upgrade it using "doxygen -u"
warning: Tag 'XML_DTD' at line 1384 of file './doc/Doxyfile' has become obsolete.
         To avoid this warning please remove this line from your configuration file or upgrade it using "doxygen -u"
warning: Tag 'PERL_PATH' at line 1549 of file './doc/Doxyfile' has become obsolete.
         To avoid this warning please remove this line from your configuration file or upgrade it using "doxygen -u"
warning: Tag 'MSCGEN_PATH' at line 1570 of file './doc/Doxyfile' has become obsolete.
         To avoid this warning please remove this line from your configuration file or upgrade it using "doxygen -u"
warning: ignoring unknown tag 'Borderliner' at line 1765, file ./doc/Doxyfile
/Users/Michi/Desktop/Cpp_template_project/include/ConceptClass.h:4: warning: missing argument after '\class'.
Doxygen version used: 1.8.20
Searching for include files...
Searching for example files...
Searching for images...
Searching for dot files...
Searching for msc files...
Searching for dia files...
Searching for files to exclude
Searching INPUT for files to process...
Searching for files in directory /Users/Michi/Desktop/Cpp_template_project
Searching for files in directory /Users/Michi/Desktop/Cpp_template_project/bin
Searching for files in directory /Users/Michi/Desktop/Cpp_template_project/build
Searching for files in directory /Users/Michi/Desktop/Cpp_template_project/doc
Searching for files in directory /Users/Michi/Desktop/Cpp_template_project/docs
Searching for files in directory /Users/Michi/Desktop/Cpp_template_project/documents
Searching for files in directory /Users/Michi/Desktop/Cpp_template_project/doxygen-theme
Searching for files in directory /Users/Michi/Desktop/Cpp_template_project/ideas
Searching for files in directory /Users/Michi/Desktop/Cpp_template_project/include
Searching for files in directory /Users/Michi/Desktop/Cpp_template_project/learningCpp
Searching for files in directory /Users/Michi/Desktop/Cpp_template_project/learningCpp/Basics
Searching for files in directory /Users/Michi/Desktop/Cpp_template_project/learningCpp/Errors
Searching for files in directory /Users/Michi/Desktop/Cpp_template_project/learningCpp/OOP
Searching for files in directory /Users/Michi/Desktop/Cpp_template_project/learningCpp/StandardLibrary
Searching for files in directory /Users/Michi/Desktop/Cpp_template_project/lib
Searching for files in directory /Users/Michi/Desktop/Cpp_template_project/resources
Searching for files in directory /Users/Michi/Desktop/Cpp_template_project/src
Searching for files in directory /Users/Michi/Desktop/Cpp_template_project/test
Searching for files in directory /Users/Michi/Desktop/Cpp_template_project/src
Searching for files in directory /Users/Michi/Desktop/Cpp_template_project/include
Searching for files in directory /Users/Michi/Desktop/Cpp_template_project/documents
Reading and parsing tag files
Parsing files
Reading /Users/Michi/Desktop/Cpp_template_project/README.md...
Reading /Users/Michi/Desktop/Cpp_template_project/documents/CMakeIntroduction.md...
Reading /Users/Michi/Desktop/Cpp_template_project/documents/Markdown.md...
Reading /Users/Michi/Desktop/Cpp_template_project/documents/structure.md...
Reading /Users/Michi/Desktop/Cpp_template_project/documents/Unit-Tests.md...
Preprocessing /Users/Michi/Desktop/Cpp_template_project/include/ConceptClass.h...
Parsing file /Users/Michi/Desktop/Cpp_template_project/include/ConceptClass.h...
Preprocessing /Users/Michi/Desktop/Cpp_template_project/learningCpp/Basics/Basics.cpp...
Parsing file /Users/Michi/Desktop/Cpp_template_project/learningCpp/Basics/Basics.cpp...
Preprocessing /Users/Michi/Desktop/Cpp_template_project/learningCpp/Basics/BitManipulation.cpp...
Parsing file /Users/Michi/Desktop/Cpp_template_project/learningCpp/Basics/BitManipulation.cpp...
Preprocessing /Users/Michi/Desktop/Cpp_template_project/learningCpp/Basics/CommandLineArguments.cpp...
Parsing file /Users/Michi/Desktop/Cpp_template_project/learningCpp/Basics/CommandLineArguments.cpp...
Preprocessing /Users/Michi/Desktop/Cpp_template_project/learningCpp/Basics/Functions.cpp...
Parsing file /Users/Michi/Desktop/Cpp_template_project/learningCpp/Basics/Functions.cpp...
Preprocessing /Users/Michi/Desktop/Cpp_template_project/learningCpp/Basics/Functions.h...
Parsing file /Users/Michi/Desktop/Cpp_template_project/learningCpp/Basics/Functions.h...
Preprocessing /Users/Michi/Desktop/Cpp_template_project/learningCpp/Basics/Iterators.cpp...
Parsing file /Users/Michi/Desktop/Cpp_template_project/learningCpp/Basics/Iterators.cpp...
Preprocessing /Users/Michi/Desktop/Cpp_template_project/learningCpp/Basics/Macros.cpp...
Parsing file /Users/Michi/Desktop/Cpp_template_project/learningCpp/Basics/Macros.cpp...
Preprocessing /Users/Michi/Desktop/Cpp_template_project/learningCpp/Basics/Pointers.cpp...
Parsing file /Users/Michi/Desktop/Cpp_template_project/learningCpp/Basics/Pointers.cpp/Users/Michi/Desktop/Cpp_template_project/learningCpp/Basics/Pointers.cpp:120: warning: multiple use of section label 'Pointers' while adding section, (first occurrence: /Users/Michi/Desktop/Cpp_template_project/learningCpp/Basics/Pointers.cpp, line 89)
/Users/Michi/Desktop/Cpp_template_project/learningCpp/Basics/Pointers.cpp:189: warning: multiple use of section label 'Pointers' while adding section, (first occurrence: /Users/Michi/Desktop/Cpp_template_project/learningCpp/Basics/Pointers.cpp, line 89)
...
Preprocessing /Users/Michi/Desktop/Cpp_template_project/learningCpp/Basics/ReferenceVariables.cpp...
Parsing file /Users/Michi/Desktop/Cpp_template_project/learningCpp/Basics/ReferenceVariables.cpp...
Preprocessing /Users/Michi/Desktop/Cpp_template_project/learningCpp/Errors/ErrorHandling.cpp...
Parsing file /Users/Michi/Desktop/Cpp_template_project/learningCpp/Errors/ErrorHandling.cpp...
Preprocessing /Users/Michi/Desktop/Cpp_template_project/learningCpp/Errors/ErrorHandling.h...
Parsing file /Users/Michi/Desktop/Cpp_template_project/learningCpp/Errors/ErrorHandling.h...
Preprocessing /Users/Michi/Desktop/Cpp_template_project/learningCpp/Errors/Exceptions.cpp...
Parsing file /Users/Michi/Desktop/Cpp_template_project/learningCpp/Errors/Exceptions.cpp...
Preprocessing /Users/Michi/Desktop/Cpp_template_project/learningCpp/Errors/Exceptions.h...
Parsing file /Users/Michi/Desktop/Cpp_template_project/learningCpp/Errors/Exceptions.h...
Preprocessing /Users/Michi/Desktop/Cpp_template_project/learningCpp/Errors/TestingExceptions.cpp...
Parsing file /Users/Michi/Desktop/Cpp_template_project/learningCpp/Errors/TestingExceptions.cpp...
Preprocessing /Users/Michi/Desktop/Cpp_template_project/learningCpp/OOP/ConceptClass.cpp...
Parsing file /Users/Michi/Desktop/Cpp_template_project/learningCpp/OOP/ConceptClass.cpp...
Preprocessing /Users/Michi/Desktop/Cpp_template_project/learningCpp/OOP/constants.h...
Parsing file /Users/Michi/Desktop/Cpp_template_project/learningCpp/OOP/constants.h...
Preprocessing /Users/Michi/Desktop/Cpp_template_project/learningCpp/OOP/Inheritance.cpp...
Parsing file /Users/Michi/Desktop/Cpp_template_project/learningCpp/OOP/Inheritance.cpp...
Preprocessing /Users/Michi/Desktop/Cpp_template_project/learningCpp/OOP/Inheritance.h...
Parsing file /Users/Michi/Desktop/Cpp_template_project/learningCpp/OOP/Inheritance.h...
Preprocessing /Users/Michi/Desktop/Cpp_template_project/learningCpp/OOP/SampleClass.cpp...
Parsing file /Users/Michi/Desktop/Cpp_template_project/learningCpp/OOP/SampleClass.cpp...
Preprocessing /Users/Michi/Desktop/Cpp_template_project/learningCpp/OOP/SampleClass.h...
Parsing file /Users/Michi/Desktop/Cpp_template_project/learningCpp/OOP/SampleClass.h...
Preprocessing /Users/Michi/Desktop/Cpp_template_project/learningCpp/OOP/TemplateClass.h...
Parsing file /Users/Michi/Desktop/Cpp_template_project/learningCpp/OOP/TemplateClass.h...
Preprocessing /Users/Michi/Desktop/Cpp_template_project/learningCpp/OOP/TestInheritance.cpp...
Parsing file /Users/Michi/Desktop/Cpp_template_project/learningCpp/OOP/TestInheritance.cpp...
Preprocessing /Users/Michi/Desktop/Cpp_template_project/learningCpp/OOP/TestSampleClass.cpp...
Parsing file /Users/Michi/Desktop/Cpp_template_project/learningCpp/OOP/TestSampleClass.cpp...
Preprocessing /Users/Michi/Desktop/Cpp_template_project/learningCpp/OOP/TestTemplateClass.cpp...
Parsing file /Users/Michi/Desktop/Cpp_template_project/learningCpp/OOP/TestTemplateClass.cpp...
Preprocessing /Users/Michi/Desktop/Cpp_template_project/learningCpp/OOP/Timer.cpp...
Parsing file /Users/Michi/Desktop/Cpp_template_project/learningCpp/OOP/Timer.cpp...
Preprocessing /Users/Michi/Desktop/Cpp_template_project/learningCpp/OOP/Timer.h...
Parsing file /Users/Michi/Desktop/Cpp_template_project/learningCpp/OOP/Timer.h...
Preprocessing /Users/Michi/Desktop/Cpp_template_project/learningCpp/StandardLibrary/SL_Basics.cpp...
Parsing file /Users/Michi/Desktop/Cpp_template_project/learningCpp/StandardLibrary/SL_Basics.cpp...
Preprocessing /Users/Michi/Desktop/Cpp_template_project/src/Main.cpp...
Parsing file /Users/Michi/Desktop/Cpp_template_project/src/Main.cpp...
Preprocessing /Users/Michi/Desktop/Cpp_template_project/test/tester.cpp...
Parsing file /Users/Michi/Desktop/Cpp_template_project/test/tester.cpp...
Building macro definition list...
Building group list...
Building directory list...
Building namespace list...
Building file list...
Building class list...
Computing nesting relations for classes...
Associating documentation with classes...
Building example list...
Searching for enumerations...
Searching for documented typedefs...
Searching for members imported via using declarations...
Searching for included using directives...
Searching for documented variables...
Building interface member list...
Building member list...
Searching for friends...
Searching for documented defines...
Computing class inheritance relations...
Computing class usage relations...
Flushing cached template relations that have become invalid...
Computing class relations...
Add enum values to enums...
Searching for member function documentation...
Creating members for template instances...
Building page list...
Search for main page...
Computing page relations...
Determining the scope of groups...
Sorting lists...
Determining which enums are documented
Computing member relations...
Building full member lists recursively...
Adding members to member groups.
Computing member references...
Inheriting documentation...
Generating disk names...
Adding source references...
Adding xrefitems...
Sorting member lists...
Setting anonymous enum type...
Computing dependencies between directories...
Generating citations page...
Counting members...
Counting data structures...
Resolving user defined references...
Finding anchors and sections in the documentation...
Transferring function references...
Combining using relations...
Adding members to index pages...
Correcting members for VHDL...
Generating style sheet...
Generating search indices...
Generating images for formulas in HTML...
Generating image form_0.png for formula
Generating example documentation...
Generating file sources...
Parsing code for file documents/CMakeIntroduction.md...
Parsing code for file documents/Markdown.md...
Parsing code for file documents/structure.md...
Parsing code for file documents/Unit-Tests.md...
Generating code for file include/ConceptClass.h...
Generating code for file learningCpp/Basics/Basics.cpp...
Generating code for file learningCpp/Basics/BitManipulation.cpp...
Generating code for file learningCpp/Basics/CommandLineArguments.cpp...
Generating code for file learningCpp/Basics/Functions.cpp...
Generating code for file learningCpp/Basics/Functions.h...
Generating code for file learningCpp/Basics/Iterators.cpp...
Generating code for file learningCpp/Basics/Macros.cpp...
Generating code for file learningCpp/Basics/Pointers.cpp...
Generating code for file learningCpp/Basics/ReferenceVariables.cpp...
Generating code for file learningCpp/Errors/ErrorHandling.cpp...
Generating code for file learningCpp/Errors/ErrorHandling.h...
Generating code for file learningCpp/Errors/Exceptions.cpp...
Generating code for file learningCpp/Errors/Exceptions.h...
Generating code for file learningCpp/Errors/TestingExceptions.cpp...
Generating code for file learningCpp/OOP/ConceptClass.cpp...
Generating code for file learningCpp/OOP/constants.h...
Generating code for file learningCpp/OOP/Inheritance.cpp...
Generating code for file learningCpp/OOP/Inheritance.h...
Generating code for file learningCpp/OOP/SampleClass.cpp...
Generating code for file learningCpp/OOP/SampleClass.h...
Generating code for file learningCpp/OOP/TemplateClass.h...
Generating code for file learningCpp/OOP/TestInheritance.cpp...
Generating code for file learningCpp/OOP/TestSampleClass.cpp...
Generating code for file learningCpp/OOP/TestTemplateClass.cpp...
Generating code for file learningCpp/OOP/Timer.cpp...
Generating code for file learningCpp/OOP/Timer.h...
Generating code for file learningCpp/StandardLibrary/SL_Basics.cpp...
Parsing code for file README.md...
Generating code for file src/Main.cpp...
Generating code for file test/tester.cpp...
Generating file documentation...
Generating docs for file documents/CMakeIntroduction.md...
Generating docs for file documents/Markdown.md...
Generating docs for file documents/structure.md...
Generating docs for file documents/Unit-Tests.md...
Generating docs for file include/ConceptClass.h...
Generating docs for file learningCpp/Basics/Basics.cpp...
Generating docs for file learningCpp/Basics/BitManipulation.cpp...
Generating docs for file learningCpp/Basics/CommandLineArg/Users/Michi/Desktop/Cpp_template_project/learningCpp/Basics/Functions.h:207: warning: Unsupported xml/html tag <functional> found
<unknown>:63: warning: unable to resolve reference to 'Receiver::Command()' for \ref command
<unknown>:63: warning: unable to resolve reference to 'Ack()' for \ref command
/Users/Michi/Desktop/Cpp_template_project/learningCpp/Basics/Pointers.cpp:82: warning: found subsection command (id: 'ssec1') outside of section context!
/Users/Michi/Desktop/Cpp_template_project/learningCpp/Errors/ErrorHandling.h:56: warning: Unsupported xml/html tag <cstdlib> found
/Users/Michi/Desktop/Cpp_template_project/learningCpp/Errors/ErrorHandling.h:56: warning: Unsupported xml/html tag <cstdlib> found
/Users/Michi/Desktop/Cpp_template_project/documents/Markdown.md:174: warning: explicit link request to 'bugID' could not be resolved
/Users/Michi/Desktop/Cpp_template_project/learningCpp/OOP/Timer.h:12: warning: Unsupported xml/html tag <chrono> found
uments.cpp...
Generating docs for file learningCpp/Basics/Functions.cpp...
Generating call graph for function countDown
Generating call graph for function main
Generating docs for file learningCpp/Basics/Functions.h...
Generating call graph for function countDown
Generating docs for file learningCpp/Basics/Iterators.cpp...
Generating docs for file learningCpp/Basics/Macros.cpp...
Generating docs for file learningCpp/Basics/Pointers.cpp...
Generating docs for file learningCpp/Basics/ReferenceVariables.cpp...
Generating docs for file learningCpp/Errors/ErrorHandling.cpp...
Generating call graph for function main
Generating docs for file learningCpp/Errors/ErrorHandling.h...
Generating docs for file learningCpp/Errors/Exceptions.cpp...
Generating docs for file learningCpp/Errors/Exceptions.h...
Generating docs for file learningCpp/Errors/TestingExceptions.cpp...
Generating call graph for function main
Generating docs for file learningCpp/OOP/ConceptClass.cpp...
Generating docs for file learningCpp/OOP/constants.h...
Generating docs for file learningCpp/OOP/Inheritance.cpp...
Generating docs for file learningCpp/OOP/Inheritance.h...
Generating docs for file learningCpp/OOP/SampleClass.cpp...
Generating docs for file learningCpp/OOP/SampleClass.h...
Generating docs for file learningCpp/OOP/TemplateClass.h...
Generating docs for file learningCpp/OOP/TestInheritance.cpp...
Generating call graph for function main
Generating docs for file learningCpp/OOP/TestSampleClass.cpp...
Generating call graph for function main
Generating docs for file learningCpp/OOP/TestTemplateClass.cpp...
Generating call graph for function main
Generating docs for file learningCpp/OOP/Timer.cpp...
Generating docs for file learningCpp/OOP/Timer.h...
Generating docs for file learningCpp/StandardLibrary/SL_Basics.cpp...
Generating docs for file README.md...
Generating docs for file src/Main.cpp...
Generating docs for file test/tester.cpp...
Generating page documentation...
Generating docs for page md_documents_CMakeIntroduction...
Generating docs for page md_documents_Markdown...
Generating docs for page md_documents_structure...
Generating docs for page md_documents_Unit-Tests...
Generating docs for page bug...
Generating docs for page todo...
Generating docs for page test...
Generating group documentation...
Generating class documentation...
Generating docs for compound Array...
Generating docs for compound ArrayException...
Generating docs for compound Base...
Generating docs for compound ConceptClass...
Generating docs for compound Derived...
Generating call graph for function Derived::getPrivate
Generating docs for compound Exceptions...
Generating docs for compound IntArray...
Generating call graph for function IntArray::operator[]
Generating docs for compound SampleClass...
Generating docs for compound SQRT...
Generating docs for compound StaticArray...
Generating docs for compound Timer...
Generating namespace index...
Generating docs for namespace constants
Generating graph info page...
Generating directory documentation...
Generating index page...
Generating page index...
Generating module index...
Generating namespace index...
Generating namespace member index...
Generating annotated compound index...
Generating alphabetical compound index...
Generating hierarchical class index...
Generating graphical class hierarchy...
Generating member index...
Generating file index...
Generating file member index...
Generating example index...
finalizing index lists...
writing tag file...
Running plantuml with JAVA...
Running dot...
Generating dot graphs using 5 parallel threads...
Running dot for graph 1/111
Running dot for graph 2/111
Running dot for graph 3/111
Running dot for graph 4/111
Running dot for graph 5/111
Running dot for graph 6/111
Running dot for graph 7/111
Running dot for graph 8/111
Running dot for graph 9/111
Running dot for graph 10/111
Running dot for graph 11/111
Running dot for graph 12/111
Running dot for graph 13/111
Running dot for graph 14/111
Running dot for graph 15/111
Running dot for graph 16/111
Running dot for graph 17/111
Running dot for graph 18/111
Running dot for graph 19/111
Running dot for graph 20/111
Running dot for graph 21/111
Running dot for graph 22/111
Running dot for graph 23/111
Running dot for graph 24/111
Running dot for graph 25/111
Running dot for graph 26/111
Running dot for graph 27/111
Running dot for graph 28/111
Running dot for graph 29/111
Running dot for graph 30/111
Running dot for graph 31/111
Running dot for graph 32/111
Running dot for graph 33/111
Running dot for graph 34/111
Running dot for graph 35/111
Running dot for graph 36/111
Running dot for graph 37/111
Running dot for graph 38/111
Running dot for graph 39/111
Running dot for graph 40/111
Running dot for graph 41/111
Running dot for graph 42/111
Running dot for graph 43/111
Running dot for graph 44/111
Running dot for graph 45/111
Running dot for graph 46/111
Running dot for graph 47/111
Running dot for graph 48/111
Running dot for graph 49/111
Running dot for graph 50/111
Running dot for graph 51/111
Running dot for graph 52/111
Running dot for graph 53/111
Running dot for graph 54/111
Running dot for graph 55/111
Running dot for graph 56/111
Running dot for graph 57/111
Running dot for graph 58/111
Running dot for graph 59/111
Running dot for graph 60/111
Running dot for graph 61/111
Running dot for graph 62/111
Running dot for graph 63/111
Running dot for graph 64/111
Running dot for graph 65/111
Running dot for graph 66/111
Running dot for graph 67/111
Running dot for graph 68/111
Running dot for graph 69/111
Running dot for graph 70/111
Running dot for graph 71/111
Running dot for graph 72/111
Running dot for graph 73/111
Running dot for graph 74/111
Running dot for graph 75/111
Running dot for graph 76/111
Running dot for graph 77/111
Running dot for graph 78/111
Running dot for graph 79/111
Running dot for graph 80/111
Running dot for graph 81/111
Running dot for graph 82/111
Running dot for graph 83/111
Running dot for graph 84/111
Running dot for graph 85/111
Running dot for graph 86/111
Running dot for graph 87/111
Running dot for graph 88/111
Running dot for graph 89/111
Running dot for graph 90/111
Running dot for graph 91/111
Running dot for graph 92/111
Running dot for graph 93/111
Running dot for graph 94/111
Running dot for graph 95/111
Running dot for graph 96/111
Running dot for graph 97/111
Running dot for graph 98/111
Running dot for graph 99/111
Running dot for graph 100/111
Running dot for graph 101/111
Running dot for graph 102/111
Running dot for graph 103/111
Running dot for graph 104/111
Running dot for graph 105/111
Running dot for graph 106/111
Running dot for graph 107/111
Running dot for graph 108/111
Running dot for graph 109/111
Running dot for graph 110/111
Running dot for graph 111/111
Patching output file 1/65
Patching output file 2/65
Patching output file 3/65
Patching output file 4/65
Patching output file 5/65
Patching output file 6/65
Patching output file 7/65
Patching output file 8/65
Patching output file 9/65
Patching output file 10/65
Patching output file 11/65
Patching output file 12/65
Patching output file 13/65
Patching output file 14/65
Patching output file 15/65
Patching output file 16/65
Patching output file 17/65
Patching output file 18/65
Patching output file 19/65
Patching output file 20/65
Patching output file 21/65
Patching output file 22/65
Patching output file 23/65
Patching output file 24/65
Patching output file 25/65
Patching output file 26/65
Patching output file 27/65
Patching output file 28/65
Patching output file 29/65
Patching output file 30/65
Patching output file 31/65
Patching output file 32/65
Patching output file 33/65
Patching output file 34/65
Patching output file 35/65
Patching output file 36/65
Patching output file 37/65
Patching output file 38/65
Patching output file 39/65
Patching output file 40/65
Patching output file 41/65
Patching output file 42/65
Patching output file 43/65
Patching output file 44/65
Patching output file 45/65
Patching output file 46/65
Patching output file 47/65
Patching output file 48/65
Patching output file 49/65
Patching output file 50/65
Patching output file 51/65
Patching output file 52/65
Patching output file 53/65
Patching output file 54/65
Patching output file 55/65
Patching output file 56/65
Patching output file 57/65
Patching output file 58/65
Patching output file 59/65
Patching output file 60/65
Patching output file 61/65
Patching output file 62/65
Patching output file 63/65
Patching output file 64/65
Patching output file 65/65
lookup cache used 140/65536 hits=714 misses=142
finished...
